[1130570.296] 
X.Org X Server 1.19.6
Release Date: 2017-12-20
[1130570.296] X Protocol Version 11, Revision 0
[1130570.296] Build Operating System: Linux 4.15.0-140-generic x86_64 Ubuntu
[1130570.296] Current Operating System: Linux 52d521546590 5.10.28-Unraid #1 SMP Wed Apr 7 08:23:18 PDT 2021 x86_64
[1130570.297] Kernel command line: BOOT_IMAGE=/bzimage pcie_acs_override=downstream isolcpus=3-5 initrd=/bzroot
[1130570.297] Build Date: 08 April 2021  01:57:21PM
[1130570.297] xorg-server 2:1.19.6-1ubuntu4.9 (For technical support please see http://www.ubuntu.com/support) 
[1130570.297] Current version of pixman: 0.34.0
[1130570.297] 	Before reporting problems, check http://wiki.x.org
	to make sure that you have the latest version.
[1130570.297] Markers: (--) probed, (**) from config file, (==) default setting,
	(++) from command line, (!!) notice, (II) informational,
	(WW) warning, (EE) error, (NI) not implemented, (??) unknown.
[1130570.298] (++) Log file: ".xorgxrdp.10.log", Time: Mon Jun 21 22:32:16 2021
[1130570.298] (++) Using config file: "/etc/X11/xrdp/xorg.conf"
[1130570.298] (==) Using system config directory "/usr/share/X11/xorg.conf.d"
[1130570.298] (==) ServerLayout "X11 Server"
[1130570.298] (**) |-->Screen "Screen (xrdpdev)" (0)
[1130570.298] (**) |   |-->Monitor "Monitor"
[1130570.298] (**) |   |-->Device "Video Card (xrdpdev)"
[1130570.298] (**) |-->Input Device "xrdpMouse"
[1130570.299] (**) |-->Input Device "xrdpKeyboard"
[1130570.299] (**) Option "DontVTSwitch" "on"
[1130570.299] (**) Option "AutoAddDevices" "off"
[1130570.299] (**) Not automatically adding devices
[1130570.299] (==) Automatically enabling devices
[1130570.299] (==) Automatically adding GPU devices
[1130570.299] (==) Automatically binding GPU devices
[1130570.299] (==) Max clients allowed: 256, resource mask: 0x1fffff
[1130570.299] (WW) The directory "/usr/share/fonts/X11/cyrillic" does not exist.
[1130570.299] 	Entry deleted from font path.
[1130570.299] (WW) The directory "/usr/share/fonts/X11/100dpi/" does not exist.
[1130570.299] 	Entry deleted from font path.
[1130570.299] (WW) The directory "/usr/share/fonts/X11/75dpi/" does not exist.
[1130570.299] 	Entry deleted from font path.
[1130570.299] (WW) The directory "/usr/share/fonts/X11/Type1" does not exist.
[1130570.299] 	Entry deleted from font path.
[1130570.299] (WW) The directory "/usr/share/fonts/X11/100dpi" does not exist.
[1130570.299] 	Entry deleted from font path.
[1130570.299] (WW) The directory "/usr/share/fonts/X11/75dpi" does not exist.
[1130570.300] 	Entry deleted from font path.
[1130570.300] (==) FontPath set to:
	/usr/share/fonts/X11/misc,
	built-ins
[1130570.300] (==) ModulePath set to "/usr/lib/xorg/modules"
[1130570.300] (II) Loader magic: 0x5600acc48020
[1130570.300] (II) Module ABI versions:
[1130570.300] 	X.Org ANSI C Emulation: 0.4
[1130570.300] 	X.Org Video Driver: 23.0
[1130570.300] 	X.Org XInput driver : 24.1
[1130570.300] 	X.Org Server Extension : 10.0
[1130570.300] (EE) dbus-core: error connecting to system bus: org.freedesktop.DBus.Error.FileNotFound (Failed to connect to socket /var/run/dbus/system_bus_socket: No such file or directory)
[1130570.303] (--) PCI:*(0:0:2:0) 8086:3e92:1458:d000 rev 0, Mem @ 0xf6000000/16777216, 0xe0000000/268435456, I/O @ 0x0000f000/64, BIOS @ 0x????????/131072
[1130570.303] (II) "glx" will be loaded. This was enabled by default and also specified in the config file.
[1130570.303] (II) LoadModule: "dbe"
[1130570.303] (II) Module "dbe" already built-in
[1130570.303] (II) LoadModule: "ddc"
[1130570.303] (II) Module "ddc" already built-in
[1130570.303] (II) LoadModule: "extmod"
[1130570.304] (II) Module "extmod" already built-in
[1130570.304] (II) LoadModule: "glx"
[1130570.304] (II) Loading /usr/lib/xorg/modules/extensions/libglx.so
[1130570.314] (II) Module glx: vendor="X.Org Foundation"
[1130570.314] 	compiled for 1.19.6, module version = 1.0.0
[1130570.315] 	ABI class: X.Org Server Extension, version 10.0
[1130570.315] (II) LoadModule: "int10"
[1130570.315] (II) Loading /usr/lib/xorg/modules/libint10.so
[1130570.317] (II) Module int10: vendor="X.Org Foundation"
[1130570.317] 	compiled for 1.19.6, module version = 1.0.0
[1130570.319] 	ABI class: X.Org Video Driver, version 23.0
[1130570.319] (II) LoadModule: "record"
[1130570.319] (II) Module "record" already built-in
[1130570.319] (II) LoadModule: "vbe"
[1130570.319] (II) Loading /usr/lib/xorg/modules/libvbe.so
[1130570.320] (II) Module vbe: vendor="X.Org Foundation"
[1130570.320] 	compiled for 1.19.6, module version = 1.1.0
[1130570.321] 	ABI class: X.Org Video Driver, version 23.0
[1130570.321] (II) LoadModule: "xorgxrdp"
[1130570.321] (II) Loading /usr/lib/xorg/modules/libxorgxrdp.so
[1130570.323] (II) Module XORGXRDP: vendor="X.Org Foundation"
[1130570.323] 	compiled for 1.19.6, module version = 1.0.0
[1130570.323] 	ABI class: X.Org Video Driver, version 23.0
[1130570.324] xorgxrdpSetup:
[1130570.324] (II) LoadModule: "fb"
[1130570.325] (II) Loading /usr/lib/xorg/modules/libfb.so
[1130570.327] (II) Module fb: vendor="X.Org Foundation"
[1130570.328] 	compiled for 1.19.6, module version = 1.0.0
[1130570.328] 	ABI class: X.Org ANSI C Emulation, version 0.4
[1130570.328] (II) LoadModule: "xrdpdev"
[1130570.328] (II) Loading /usr/lib/xorg/modules/drivers/xrdpdev_drv.so
[1130570.330] (II) Module XRDPDEV: vendor="X.Org Foundation"
[1130570.330] 	compiled for 1.19.6, module version = 1.0.0
[1130570.330] 	ABI class: X.Org Video Driver, version 23.0
[1130570.330] xrdpdevSetup:
[1130570.330] (II) LoadModule: "xrdpmouse"
[1130570.331] (II) Loading /usr/lib/xorg/modules/input/xrdpmouse_drv.so
[1130570.331] (II) Module XRDPMOUSE: vendor="X.Org Foundation"
[1130570.332] 	compiled for 1.19.6, module version = 1.0.0
[1130570.332] 	Module class: X.Org XInput Driver
[1130570.332] 	ABI class: X.Org XInput driver, version 24.1
[1130570.332] rdpmousePlug:
[1130570.332] (II) LoadModule: "xrdpkeyb"
[1130570.332] (II) Loading /usr/lib/xorg/modules/input/xrdpkeyb_drv.so
[1130570.333] (II) Module XRDPKEYB: vendor="X.Org Foundation"
[1130570.333] 	compiled for 1.19.6, module version = 1.0.0
[1130570.333] 	Module class: X.Org XInput Driver
[1130570.333] 	ABI class: X.Org XInput driver, version 24.1
[1130570.333] rdpkeybPlug:
[1130570.334] rdpIdentify:
[1130570.334] (II) XRDPDEV: driver for xrdp: XRDPDEV
[1130570.334] rdpDriverFunc: op 10
[1130570.334] (WW) Falling back to old probe method for XRDPDEV
[1130570.334] rdpProbe:
[1130570.335] (II) Loading sub module "fb"
[1130570.335] (II) LoadModule: "fb"
[1130570.335] (II) Loading /usr/lib/xorg/modules/libfb.so
[1130570.335] (II) Module fb: vendor="X.Org Foundation"
[1130570.335] 	compiled for 1.19.6, module version = 1.0.0
[1130570.335] 	ABI class: X.Org ANSI C Emulation, version 0.4
[1130570.335] (II) XRDPDEV(0): using default device
[1130570.336] (WW) VGA arbiter: cannot open kernel arbiter, no multi-card support
[1130570.336] rdpPreInit:
[1130570.336] (**) XRDPDEV(0): Depth 24, (--) framebuffer bpp 32
[1130570.336] (==) XRDPDEV(0): RGB weight 888
[1130570.336] (==) XRDPDEV(0): Using gamma correction (1.0, 1.0, 1.0)
[1130570.336] (==) XRDPDEV(0): Default visual is TrueColor
[1130570.336] (==) XRDPDEV(0): DPI set to (96, 96)
[1130570.336] (II) XRDPDEV(0): 	mode "640x480" ok
[1130570.336] (II) XRDPDEV(0): 	mode "800x600" ok
[1130570.337] (--) XRDPDEV(0): Virtual size is 800x600 (pitch 800)
[1130570.337] (**) XRDPDEV(0):  Default mode "800x600": 36.0 MHz (scaled from 0.0 MHz), 35.2 kHz, 56.2 Hz
[1130570.337] (II) XRDPDEV(0): Modeline "800x600"x0.0   36.00  800 824 896 1024  600 601 603 625 +hsync +vsync (35.2 kHz d)
[1130570.337] (==) Depth 24 pixmap format is 32 bpp
[1130570.337] rdpScreenInit: virtualX 800 virtualY 600 rgbBits 8 depth 24
[1130570.338] rdpScreenInit: pfbMemory bytes 1920000
[1130570.338] rdpScreenInit: pfbMemory 0x15260305e010
[1130570.338] rdpSimdInit: assigning yuv functions
[1130570.338] rdpSimdInit: cpuid ax 1 cx 0 return ax 0x000906ea bx 0x00100800 cx 0x7ffafbff dx 0xbfebfbff
[1130570.338] rdpSimdInit: sse2 amd64 yuv functions assigned
[1130570.338] rdpXvInit: depth 24
[1130570.338] (==) XRDPDEV(0): Backing store enabled
[1130570.339] rdpClientConInit: kill disconnected [0] timeout [0] sec
[1130570.339] 
[1130570.339] rdpScreenInit: out
[1130570.339] (==) RandR enabled
[1130570.341] (II) SELinux: Disabled on system
[1130570.341] (II) AIGLX: Screen 0 is not DRI2 capable
[1130570.341] (EE) AIGLX: reverting to software rendering
[1130570.663] (II) IGLX: enabled GLX_MESA_copy_sub_buffer
[1130570.663] (II) IGLX: Loaded and initialized swrast
[1130570.663] (II) GLX: Initialized DRISWRAST GL provider for screen 0
[1130570.702] (II) Using input driver 'XRDPMOUSE' for 'xrdpMouse'
[1130570.702] (**) Option "CorePointer"
[1130570.703] (**) xrdpMouse: always reports core events
[1130570.703] rdpmousePreInit: drv 0x5600acca8bb0 info 0x5600acddc0a0, flags 0x0
[1130570.703] (II) XINPUT: Adding extended input device "xrdpMouse" (type: Mouse, id 6)
[1130570.703] rdpmouseControl: what 0
[1130570.703] rdpmouseDeviceInit:
[1130570.704] rdpmouseCtrl:
[1130570.704] rdpRegisterInputCallback: type 1 proc 0x152603437c60
[1130570.704] (**) xrdpMouse: (accel) keeping acceleration scheme 1
[1130570.704] (**) xrdpMouse: (accel) acceleration profile 0
[1130570.704] (**) xrdpMouse: (accel) acceleration factor: 2.000
[1130570.705] (**) xrdpMouse: (accel) acceleration threshold: 4
[1130570.705] rdpmouseControl: what 1
[1130570.705] rdpmouseDeviceOn:
[1130570.706] (II) Using input driver 'XRDPKEYB' for 'xrdpKeyboard'
[1130570.706] (**) Option "CoreKeyboard"
[1130570.706] (**) xrdpKeyboard: always reports core events
[1130570.706] rdpkeybPreInit: drv 0x5600acca77c0 info 0x5600acf65050, flags 0x0
[1130570.706] (II) XINPUT: Adding extended input device "xrdpKeyboard" (type: Keyboard, id 7)
[1130570.706] rdpkeybControl: what 0
[1130570.706] rdpkeybDeviceInit:
[1130570.717] rdpkeybChangeKeyboardControl:
[1130570.717] rdpkeybChangeKeyboardControl: autoRepeat on
[1130570.717] rdpRegisterInputCallback: type 0 proc 0x152603234530
[1130570.718] rdpkeybControl: what 1
[1130570.718] rdpkeybDeviceOn:
[1130570.730] rdpSaveScreen:
[1130570.730] (EE) dbus-core: error connecting to system bus: org.freedesktop.DBus.Error.FileNotFound (Failed to connect to socket /var/run/dbus/system_bus_socket: No such file or directory)
[1130570.730] rdpDeferredRandR:
[1130570.731] rdpResizeSession: width 1024 height 768
[1130570.731]   calling RRScreenSizeSet
[1130570.732] rdpRRScreenSetSize: width 1024 height 768 mmWidth 271 mmHeight 203
[1130570.732] rdpRRGetInfo:
[1130570.732]   screen resized to 1024x768
[1130570.733]   RRScreenSizeSet ok 1
[1130570.733] rdpResizeSession: width 1024 height 768
[1130570.817] rdpInDeferredUpdateCallback:
[1130570.817] rdpkeybChangeKeyboardControl:
[1130570.817] rdpkeybChangeKeyboardControl: autoRepeat off
[1130570.844] rdpRRGetInfo:
[1130570.857] rdpClientConGotConnection:
[1130570.858] rdpClientConGotConnection: g_sck_accept ok new_sck 18
[1130570.858] rdpClientConGotConnection: adding only clientCon
[1130570.864] rdpClientConProcessMsgVersion: version 0 0 0 1
[1130570.865] rdpClientConProcessScreenSizeMsg: set width 1024 height 768 bpp 16
[1130570.865] rdpClientConProcessScreenSizeMsg: shmemid 0 shmemptr 0x1526030b3000
[1130570.865] rdpClientConProcessMsgClientInput: invalidate x 0 y 0 cx 1024 cy 768
[1130570.913] rdpClientConProcessMsgClientInfo:
[1130570.914]   got client info bytes 5744
[1130570.915]   jpeg support 0
[1130570.915]   offscreen support 0
[1130570.915]   offscreen size 0
[1130570.915]   offscreen entries 0
[1130570.915]   client supports glyph cache but server disabled
[1130570.916]   client can not do offscreen to offscreen blits
[1130570.916]   client can do new(color) cursor
[1130570.916]   client can not do multimon
[1130570.917] rdpRRSetRdpOutputs: numCrtcs 0 monitorCount 0
[1130570.917] rdpRRSetRdpOutputs: add output 0 left 0 top 0 width 1024 height 768
[1130570.917] rdpLoadLayout: keylayout 0x00000409 variant  display 10
[1130570.918] rdpkeybChangeKeyboardControl:
[1130570.918] rdpkeybChangeKeyboardControl: autoRepeat on
[1130570.919] rdpkeybChangeKeyboardControl:
[1130570.919] rdpkeybChangeKeyboardControl: autoRepeat on
[1130571.019] rdpInDeferredUpdateCallback:
[1130571.020] rdpkeybChangeKeyboardControl:
[1130571.020] rdpkeybChangeKeyboardControl: autoRepeat off
[1130571.020] rdpkeybChangeKeyboardControl:
[1130571.021] rdpkeybChangeKeyboardControl: autoRepeat off
[1130580.735] (EE) dbus-core: error connecting to system bus: org.freedesktop.DBus.Error.FileNotFound (Failed to connect to socket /var/run/dbus/system_bus_socket: No such file or directory)
[1130583.370] rdpClientConGotConnection:
[1130583.370] rdpClientConGotConnection: g_sck_accept ok new_sck 22
[1130583.371] rdpClientConGotConnection: disconnecting only clientCon
[1130583.371] rdpClientConDisconnect:
[1130583.372] rdpClientConDisconnect: clientCon removed from dev list
[1130583.372] rdpClientConGotConnection: adding only clientCon
[1130583.380] rdpClientConProcessMsgVersion: version 0 0 0 1
[1130583.380] rdpClientConProcessScreenSizeMsg: set width 1808 height 1339 bpp 16
[1130583.380] rdpClientConProcessScreenSizeMsg: shmemid 6 shmemptr 0x1525f806e000
[1130583.381] rdpRRScreenSetSize: width 1808 height 1339 mmWidth 478 mmHeight 354
[1130583.381] rdpRRGetInfo:
[1130583.381]   screen resized to 1808x1339
[1130583.383] rdpClientConProcessScreenSizeMsg: RRScreenSizeSet ok=[1]
[1130583.384] rdpClientConProcessMsgClientInput: invalidate x 0 y 0 cx 1808 cy 1339
[1130583.409] rdpClientConProcessMsgClientInfo:
[1130583.409]   got client info bytes 5744
[1130583.410]   jpeg support 0
[1130583.410]   offscreen support 0
[1130583.410]   offscreen size 0
[1130583.410]   offscreen entries 0
[1130583.411]   client supports glyph cache but server disabled
[1130583.411]   client can not do offscreen to offscreen blits
[1130583.411]   client can do new(color) cursor
[1130583.412]   client can not do multimon
[1130583.412] rdpRRSetRdpOutputs: numCrtcs 1 monitorCount 0
[1130583.412] rdpRRSetRdpOutputs: update output 0 left 0 top 0 width 1808 height 1339
[1130583.412] rdpLoadLayout: keylayout 0x00000409 variant  display 10
[1130583.412] rdpkeybChangeKeyboardControl:
[1130583.413] rdpkeybChangeKeyboardControl: autoRepeat on
[1130583.413] rdpkeybChangeKeyboardControl:
[1130583.414] rdpkeybChangeKeyboardControl: autoRepeat on
[1130583.514] rdpInDeferredUpdateCallback:
[1130583.515] rdpkeybChangeKeyboardControl:
[1130583.515] rdpkeybChangeKeyboardControl: autoRepeat off
[1130583.515] rdpkeybChangeKeyboardControl:
[1130583.515] rdpkeybChangeKeyboardControl: autoRepeat off
[1130590.735] (EE) dbus-core: error connecting to system bus: org.freedesktop.DBus.Error.FileNotFound (Failed to connect to socket /var/run/dbus/system_bus_socket: No such file or directory)
[1130600.736] (EE) dbus-core: error connecting to system bus: org.freedesktop.DBus.Error.FileNotFound (Failed to connect to socket /var/run/dbus/system_bus_socket: No such file or directory)
[1130610.744] (EE) dbus-core: error connecting to system bus: org.freedesktop.DBus.Error.FileNotFound (Failed to connect to socket /var/run/dbus/system_bus_socket: No such file or directory)
[1130620.745] (EE) dbus-core: error connecting to system bus: org.freedesktop.DBus.Error.FileNotFound (Failed to connect to socket /var/run/dbus/system_bus_socket: No such file or directory)
[1130630.746] (EE) dbus-core: error connecting to system bus: org.freedesktop.DBus.Error.FileNotFound (Failed to connect to socket /var/run/dbus/system_bus_socket: No such file or directory)
[1130640.756] (EE) dbus-core: error connecting to system bus: org.freedesktop.DBus.Error.FileNotFound (Failed to connect to socket /var/run/dbus/system_bus_socket: No such file or directory)
[1130650.766] (EE) dbus-core: error connecting to system bus: org.freedesktop.DBus.Error.FileNotFound (Failed to connect to socket /var/run/dbus/system_bus_socket: No such file or directory)
[1130660.775] (EE) dbus-core: error connecting to system bus: org.freedesktop.DBus.Error.FileNotFound (Failed to connect to socket /var/run/dbus/system_bus_socket: No such file or directory)
[1130670.785] (EE) dbus-core: error connecting to system bus: org.freedesktop.DBus.Error.FileNotFound (Failed to connect to socket /var/run/dbus/system_bus_socket: No such file or directory)
[1130680.795] (EE) dbus-core: error connecting to system bus: org.freedesktop.DBus.Error.FileNotFound (Failed to connect to socket /var/run/dbus/system_bus_socket: No such file or directory)
[1130690.806] (EE) dbus-core: error connecting to system bus: org.freedesktop.DBus.Error.FileNotFound (Failed to connect to socket /var/run/dbus/system_bus_socket: No such file or directory)
[1130700.816] (EE) dbus-core: error connecting to system bus: org.freedesktop.DBus.Error.FileNotFound (Failed to connect to socket /var/run/dbus/system_bus_socket: No such file or directory)
[1130710.826] (EE) dbus-core: error connecting to system bus: org.freedesktop.DBus.Error.FileNotFound (Failed to connect to socket /var/run/dbus/system_bus_socket: No such file or directory)
[1130720.835] (EE) dbus-core: error connecting to system bus: org.freedesktop.DBus.Error.FileNotFound (Failed to connect to socket /var/run/dbus/system_bus_socket: No such file or directory)
[1130730.845] (EE) dbus-core: error connecting to system bus: org.freedesktop.DBus.Error.FileNotFound (Failed to connect to socket /var/run/dbus/system_bus_socket: No such file or directory)
[1130740.856] (EE) dbus-core: error connecting to system bus: org.freedesktop.DBus.Error.FileNotFound (Failed to connect to socket /var/run/dbus/system_bus_socket: No such file or directory)
[1130750.857] (EE) dbus-core: error connecting to system bus: org.freedesktop.DBus.Error.FileNotFound (Failed to connect to socket /var/run/dbus/system_bus_socket: No such file or directory)
[1130760.867] (EE) dbus-core: error connecting to system bus: org.freedesktop.DBus.Error.FileNotFound (Failed to connect to socket /var/run/dbus/system_bus_socket: No such file or directory)
[1130770.877] (EE) dbus-core: error connecting to system bus: org.freedesktop.DBus.Error.FileNotFound (Failed to connect to socket /var/run/dbus/system_bus_socket: No such file or directory)
[1130780.886] (EE) dbus-core: error connecting to system bus: org.freedesktop.DBus.Error.FileNotFound (Failed to connect to socket /var/run/dbus/system_bus_socket: No such file or directory)
[1130790.896] (EE) dbus-core: error connecting to system bus: org.freedesktop.DBus.Error.FileNotFound (Failed to connect to socket /var/run/dbus/system_bus_socket: No such file or directory)
[1130800.907] (EE) dbus-core: error connecting to system bus: org.freedesktop.DBus.Error.FileNotFound (Failed to connect to socket /var/run/dbus/system_bus_socket: No such file or directory)
[1130810.917] (EE) dbus-core: error connecting to system bus: org.freedesktop.DBus.Error.FileNotFound (Failed to connect to socket /var/run/dbus/system_bus_socket: No such file or directory)
[1130820.927] (EE) dbus-core: error connecting to system bus: org.freedesktop.DBus.Error.FileNotFound (Failed to connect to socket /var/run/dbus/system_bus_socket: No such file or directory)
[1130830.937] (EE) dbus-core: error connecting to system bus: org.freedesktop.DBus.Error.FileNotFound (Failed to connect to socket /var/run/dbus/system_bus_socket: No such file or directory)
[1130840.946] (EE) dbus-core: error connecting to system bus: org.freedesktop.DBus.Error.FileNotFound (Failed to connect to socket /var/run/dbus/system_bus_socket: No such file or directory)
[1130850.956] (EE) dbus-core: error connecting to system bus: org.freedesktop.DBus.Error.FileNotFound (Failed to connect to socket /var/run/dbus/system_bus_socket: No such file or directory)
[1130860.958] (EE) dbus-core: error connecting to system bus: org.freedesktop.DBus.Error.FileNotFound (Failed to connect to socket /var/run/dbus/system_bus_socket: No such file or directory)
[1130870.968] (EE) dbus-core: error connecting to system bus: org.freedesktop.DBus.Error.FileNotFound (Failed to connect to socket /var/run/dbus/system_bus_socket: No such file or directory)
[1130880.978] (EE) dbus-core: error connecting to system bus: org.freedesktop.DBus.Error.FileNotFound (Failed to connect to socket /var/run/dbus/system_bus_socket: No such file or directory)
[1130890.988] (EE) dbus-core: error connecting to system bus: org.freedesktop.DBus.Error.FileNotFound (Failed to connect to socket /var/run/dbus/system_bus_socket: No such file or directory)
[1130900.997] (EE) dbus-core: error connecting to system bus: org.freedesktop.DBus.Error.FileNotFound (Failed to connect to socket /var/run/dbus/system_bus_socket: No such file or directory)
[1130911.005] (EE) dbus-core: error connecting to system bus: org.freedesktop.DBus.Error.FileNotFound (Failed to connect to socket /var/run/dbus/system_bus_socket: No such file or directory)
[1130921.015] (EE) dbus-core: error connecting to system bus: org.freedesktop.DBus.Error.FileNotFound (Failed to connect to socket /var/run/dbus/system_bus_socket: No such file or directory)
[1130931.026] (EE) dbus-core: error connecting to system bus: org.freedesktop.DBus.Error.FileNotFound (Failed to connect to socket /var/run/dbus/system_bus_socket: No such file or directory)
[1130941.036] (EE) dbus-core: error connecting to system bus: org.freedesktop.DBus.Error.FileNotFound (Failed to connect to socket /var/run/dbus/system_bus_socket: No such file or directory)
[1130951.046] (EE) dbus-core: error connecting to system bus: org.freedesktop.DBus.Error.FileNotFound (Failed to connect to socket /var/run/dbus/system_bus_socket: No such file or directory)
[1130961.055] (EE) dbus-core: error connecting to system bus: org.freedesktop.DBus.Error.FileNotFound (Failed to connect to socket /var/run/dbus/system_bus_socket: No such file or directory)
[1130971.065] (EE) dbus-core: error connecting to system bus: org.freedesktop.DBus.Error.FileNotFound (Failed to connect to socket /var/run/dbus/system_bus_socket: No such file or directory)
[1130981.076] (EE) dbus-core: error connecting to system bus: org.freedesktop.DBus.Error.FileNotFound (Failed to connect to socket /var/run/dbus/system_bus_socket: No such file or directory)
[1130991.086] (EE) dbus-core: error connecting to system bus: org.freedesktop.DBus.Error.FileNotFound (Failed to connect to socket /var/run/dbus/system_bus_socket: No such file or directory)
[1131001.096] (EE) dbus-core: error connecting to system bus: org.freedesktop.DBus.Error.FileNotFound (Failed to connect to socket /var/run/dbus/system_bus_socket: No such file or directory)
[1131011.106] (EE) dbus-core: error connecting to system bus: org.freedesktop.DBus.Error.FileNotFound (Failed to connect to socket /var/run/dbus/system_bus_socket: No such file or directory)
[1131021.115] (EE) dbus-core: error connecting to system bus: org.freedesktop.DBus.Error.FileNotFound (Failed to connect to socket /var/run/dbus/system_bus_socket: No such file or directory)
[1131031.125] (EE) dbus-core: error connecting to system bus: org.freedesktop.DBus.Error.FileNotFound (Failed to connect to socket /var/run/dbus/system_bus_socket: No such file or directory)
[1131041.136] (EE) dbus-core: error connecting to system bus: org.freedesktop.DBus.Error.FileNotFound (Failed to connect to socket /var/run/dbus/system_bus_socket: No such file or directory)
[1131051.146] (EE) dbus-core: error connecting to system bus: org.freedesktop.DBus.Error.FileNotFound (Failed to connect to socket /var/run/dbus/system_bus_socket: No such file or directory)
[1131061.153] (EE) dbus-core: error connecting to system bus: org.freedesktop.DBus.Error.FileNotFound (Failed to connect to socket /var/run/dbus/system_bus_socket: No such file or directory)
[1131071.156] (EE) dbus-core: error connecting to system bus: org.freedesktop.DBus.Error.FileNotFound (Failed to connect to socket /var/run/dbus/system_bus_socket: No such file or directory)
[1131081.165] (EE) dbus-core: error connecting to system bus: org.freedesktop.DBus.Error.FileNotFound (Failed to connect to socket /var/run/dbus/system_bus_socket: No such file or directory)
[1131091.176] (EE) dbus-core: error connecting to system bus: org.freedesktop.DBus.Error.FileNotFound (Failed to connect to socket /var/run/dbus/system_bus_socket: No such file or directory)
[1131096.039] rdpClientConRecv: g_sck_recv failed(returned 0)
[1131096.040] rdpClientConDisconnect:
[1131096.040] rdpClientConDisconnect: clientCon removed from dev list
[1131096.040] rdpClientConRecvMsg: error
[1131096.041] rdpClientConCheck: rdpClientConGotData failed
[1131101.182] (EE) dbus-core: error connecting to system bus: org.freedesktop.DBus.Error.FileNotFound (Failed to connect to socket /var/run/dbus/system_bus_socket: No such file or directory)
[1131111.192] (EE) dbus-core: error connecting to system bus: org.freedesktop.DBus.Error.FileNotFound (Failed to connect to socket /var/run/dbus/system_bus_socket: No such file or directory)
[1131121.202] (EE) dbus-core: error connecting to system bus: org.freedesktop.DBus.Error.FileNotFound (Failed to connect to socket /var/run/dbus/system_bus_socket: No such file or directory)
[1131131.211] (EE) dbus-core: error connecting to system bus: org.freedesktop.DBus.Error.FileNotFound (Failed to connect to socket /var/run/dbus/system_bus_socket: No such file or directory)
[1131141.221] (EE) dbus-core: error connecting to system bus: org.freedesktop.DBus.Error.FileNotFound (Failed to connect to socket /var/run/dbus/system_bus_socket: No such file or directory)
[1131151.231] (EE) dbus-core: error connecting to system bus: org.freedesktop.DBus.Error.FileNotFound (Failed to connect to socket /var/run/dbus/system_bus_socket: No such file or directory)
[1131161.237] (EE) dbus-core: error connecting to system bus: org.freedesktop.DBus.Error.FileNotFound (Failed to connect to socket /var/run/dbus/system_bus_socket: No such file or directory)
[1131171.237] (EE) dbus-core: error connecting to system bus: org.freedesktop.DBus.Error.FileNotFound (Failed to connect to socket /var/run/dbus/system_bus_socket: No such file or directory)
[1131181.247] (EE) dbus-core: error connecting to system bus: org.freedesktop.DBus.Error.FileNotFound (Failed to connect to socket /var/run/dbus/system_bus_socket: No such file or directory)
[1131191.256] (EE) dbus-core: error connecting to system bus: org.freedesktop.DBus.Error.FileNotFound (Failed to connect to socket /var/run/dbus/system_bus_socket: No such file or directory)
[1131201.266] (EE) dbus-core: error connecting to system bus: org.freedesktop.DBus.Error.FileNotFound (Failed to connect to socket /var/run/dbus/system_bus_socket: No such file or directory)
[1131211.276] (EE) dbus-core: error connecting to system bus: org.freedesktop.DBus.Error.FileNotFound (Failed to connect to socket /var/run/dbus/system_bus_socket: No such file or directory)
[1131221.286] (EE) dbus-core: error connecting to system bus: org.freedesktop.DBus.Error.FileNotFound (Failed to connect to socket /var/run/dbus/system_bus_socket: No such file or directory)
[1131230.027] rdpSaveScreen:
[1131231.287] (EE) dbus-core: error connecting to system bus: org.freedesktop.DBus.Error.FileNotFound (Failed to connect to socket /var/run/dbus/system_bus_socket: No such file or directory)
[1131236.827] rdpClientConGotConnection:
[1131236.828] rdpClientConGotConnection: g_sck_accept ok new_sck 18
[1131236.828] rdpClientConGotConnection: adding only clientCon
[1131236.832] rdpClientConProcessMsgVersion: version 0 0 0 1
[1131236.832] rdpClientConProcessScreenSizeMsg: set width 1808 height 1339 bpp 16
[1131236.833] rdpClientConProcessScreenSizeMsg: shmemid 7 shmemptr 0x1525f976f000
[1131236.833] rdpClientConProcessMsgClientInput: invalidate x 0 y 0 cx 1808 cy 1339
[1131236.844] rdpClientConProcessMsgClientInfo:
[1131236.845]   got client info bytes 5744
[1131236.845]   jpeg support 0
[1131236.845]   offscreen support 0
[1131236.845]   offscreen size 0
[1131236.846]   offscreen entries 0
[1131236.846]   client supports glyph cache but server disabled
[1131236.846]   client can not do offscreen to offscreen blits
[1131236.846]   client can do new(color) cursor
[1131236.846]   client can not do multimon
[1131236.847] rdpRRSetRdpOutputs: numCrtcs 1 monitorCount 0
[1131236.847] rdpRRSetRdpOutputs: update output 0 left 0 top 0 width 1808 height 1339
[1131236.848] rdpLoadLayout: keylayout 0x00000409 variant  display 10
[1131236.848] rdpkeybChangeKeyboardControl:
[1131236.848] rdpkeybChangeKeyboardControl: autoRepeat on
[1131236.849] rdpkeybChangeKeyboardControl:
[1131236.849] rdpkeybChangeKeyboardControl: autoRepeat on
[1131236.949] rdpInDeferredUpdateCallback:
[1131236.949] rdpkeybChangeKeyboardControl:
[1131236.949] rdpkeybChangeKeyboardControl: autoRepeat off
[1131236.950] rdpkeybChangeKeyboardControl:
[1131236.950] rdpkeybChangeKeyboardControl: autoRepeat off
[1131237.916] rdpSaveScreen:
[1131241.287] (EE) dbus-core: error connecting to system bus: org.freedesktop.DBus.Error.FileNotFound (Failed to connect to socket /var/run/dbus/system_bus_socket: No such file or directory)
[1131251.288] (EE) dbus-core: error connecting to system bus: org.freedesktop.DBus.Error.FileNotFound (Failed to connect to socket /var/run/dbus/system_bus_socket: No such file or directory)
[1131261.288] (EE) dbus-core: error connecting to system bus: org.freedesktop.DBus.Error.FileNotFound (Failed to connect to socket /var/run/dbus/system_bus_socket: No such file or directory)
[1131271.289] (EE) dbus-core: error connecting to system bus: org.freedesktop.DBus.Error.FileNotFound (Failed to connect to socket /var/run/dbus/system_bus_socket: No such file or directory)
[1131274.127] rdpClientConGotConnection:
[1131274.128] rdpClientConGotConnection: g_sck_accept ok new_sck 22
[1131274.128] rdpClientConGotConnection: disconnecting only clientCon
[1131274.128] rdpClientConDisconnect:
[1131274.128] rdpClientConDisconnect: clientCon removed from dev list
[1131274.129] rdpClientConGotConnection: adding only clientCon
[1131274.132] rdpClientConProcessMsgVersion: version 0 0 0 1
[1131274.134] rdpClientConProcessScreenSizeMsg: set width 1808 height 1339 bpp 16
[1131274.134] rdpClientConProcessScreenSizeMsg: shmemid 8 shmemptr 0x1525c3224000
[1131274.134] rdpClientConProcessMsgClientInput: invalidate x 0 y 0 cx 1808 cy 1339
[1131274.750] rdpClientConProcessMsgClientInfo:
[1131274.751]   got client info bytes 5744
[1131274.751]   jpeg support 0
[1131274.751]   offscreen support 0
[1131274.752]   offscreen size 0
[1131274.752]   offscreen entries 0
[1131274.752]   client supports glyph cache but server disabled
[1131274.752]   client can not do offscreen to offscreen blits
[1131274.753]   client can do new(color) cursor
[1131274.753]   client can not do multimon
[1131274.753] rdpRRSetRdpOutputs: numCrtcs 1 monitorCount 0
[1131274.754] rdpRRSetRdpOutputs: update output 0 left 0 top 0 width 1808 height 1339
[1131274.754] rdpLoadLayout: keylayout 0x00000409 variant  display 10
[1131274.755] rdpkeybChangeKeyboardControl:
[1131274.755] rdpkeybChangeKeyboardControl: autoRepeat on
[1131274.756] rdpkeybChangeKeyboardControl:
[1131274.757] rdpkeybChangeKeyboardControl: autoRepeat on
[1131274.857] rdpInDeferredUpdateCallback:
[1131274.858] rdpkeybChangeKeyboardControl:
[1131274.858] rdpkeybChangeKeyboardControl: autoRepeat off
[1131274.858] rdpkeybChangeKeyboardControl:
[1131274.858] rdpkeybChangeKeyboardControl: autoRepeat off
[1131281.291] (EE) dbus-core: error connecting to system bus: org.freedesktop.DBus.Error.FileNotFound (Failed to connect to socket /var/run/dbus/system_bus_socket: No such file or directory)
[1131291.291] (EE) dbus-core: error connecting to system bus: org.freedesktop.DBus.Error.FileNotFound (Failed to connect to socket /var/run/dbus/system_bus_socket: No such file or directory)
[1131301.292] (EE) dbus-core: error connecting to system bus: org.freedesktop.DBus.Error.FileNotFound (Failed to connect to socket /var/run/dbus/system_bus_socket: No such file or directory)
[1131311.292] (EE) dbus-core: error connecting to system bus: org.freedesktop.DBus.Error.FileNotFound (Failed to connect to socket /var/run/dbus/system_bus_socket: No such file or directory)
[1131321.295] (EE) dbus-core: error connecting to system bus: org.freedesktop.DBus.Error.FileNotFound (Failed to connect to socket /var/run/dbus/system_bus_socket: No such file or directory)
[1131331.295] (EE) dbus-core: error connecting to system bus: org.freedesktop.DBus.Error.FileNotFound (Failed to connect to socket /var/run/dbus/system_bus_socket: No such file or directory)
[1131341.295] (EE) dbus-core: error connecting to system bus: org.freedesktop.DBus.Error.FileNotFound (Failed to connect to socket /var/run/dbus/system_bus_socket: No such file or directory)
[1131351.295] (EE) dbus-core: error connecting to system bus: org.freedesktop.DBus.Error.FileNotFound (Failed to connect to socket /var/run/dbus/system_bus_socket: No such file or directory)
[1131361.295] (EE) dbus-core: error connecting to system bus: org.freedesktop.DBus.Error.FileNotFound (Failed to connect to socket /var/run/dbus/system_bus_socket: No such file or directory)
[1131371.296] (EE) dbus-core: error connecting to system bus: org.freedesktop.DBus.Error.FileNotFound (Failed to connect to socket /var/run/dbus/system_bus_socket: No such file or directory)
[1131381.296] (EE) dbus-core: error connecting to system bus: org.freedesktop.DBus.Error.FileNotFound (Failed to connect to socket /var/run/dbus/system_bus_socket: No such file or directory)
[1131391.302] (EE) dbus-core: error connecting to system bus: org.freedesktop.DBus.Error.FileNotFound (Failed to connect to socket /var/run/dbus/system_bus_socket: No such file or directory)
[1131401.312] (EE) dbus-core: error connecting to system bus: org.freedesktop.DBus.Error.FileNotFound (Failed to connect to socket /var/run/dbus/system_bus_socket: No such file or directory)
[1131411.318] (EE) dbus-core: error connecting to system bus: org.freedesktop.DBus.Error.FileNotFound (Failed to connect to socket /var/run/dbus/system_bus_socket: No such file or directory)
[1131421.328] (EE) dbus-core: error connecting to system bus: org.freedesktop.DBus.Error.FileNotFound (Failed to connect to socket /var/run/dbus/system_bus_socket: No such file or directory)
[1131431.328] (EE) dbus-core: error connecting to system bus: org.freedesktop.DBus.Error.FileNotFound (Failed to connect to socket /var/run/dbus/system_bus_socket: No such file or directory)
[1131441.338] (EE) dbus-core: error connecting to system bus: org.freedesktop.DBus.Error.FileNotFound (Failed to connect to socket /var/run/dbus/system_bus_socket: No such file or directory)
[1131451.338] (EE) dbus-core: error connecting to system bus: org.freedesktop.DBus.Error.FileNotFound (Failed to connect to socket /var/run/dbus/system_bus_socket: No such file or directory)
[1131461.338] (EE) dbus-core: error connecting to system bus: org.freedesktop.DBus.Error.FileNotFound (Failed to connect to socket /var/run/dbus/system_bus_socket: No such file or directory)
[1131471.344] (EE) dbus-core: error connecting to system bus: org.freedesktop.DBus.Error.FileNotFound (Failed to connect to socket /var/run/dbus/system_bus_socket: No such file or directory)
[1131481.354] (EE) dbus-core: error connecting to system bus: org.freedesktop.DBus.Error.FileNotFound (Failed to connect to socket /var/run/dbus/system_bus_socket: No such file or directory)
[1131491.355] (EE) dbus-core: error connecting to system bus: org.freedesktop.DBus.Error.FileNotFound (Failed to connect to socket /var/run/dbus/system_bus_socket: No such file or directory)
[1131501.356] (EE) dbus-core: error connecting to system bus: org.freedesktop.DBus.Error.FileNotFound (Failed to connect to socket /var/run/dbus/system_bus_socket: No such file or directory)
[1131511.356] (EE) dbus-core: error connecting to system bus: org.freedesktop.DBus.Error.FileNotFound (Failed to connect to socket /var/run/dbus/system_bus_socket: No such file or directory)
[1131521.356] (EE) dbus-core: error connecting to system bus: org.freedesktop.DBus.Error.FileNotFound (Failed to connect to socket /var/run/dbus/system_bus_socket: No such file or directory)
[1131531.366] (EE) dbus-core: error connecting to system bus: org.freedesktop.DBus.Error.FileNotFound (Failed to connect to socket /var/run/dbus/system_bus_socket: No such file or directory)
[1131541.366] (EE) dbus-core: error connecting to system bus: org.freedesktop.DBus.Error.FileNotFound (Failed to connect to socket /var/run/dbus/system_bus_socket: No such file or directory)
[1131551.366] (EE) dbus-core: error connecting to system bus: org.freedesktop.DBus.Error.FileNotFound (Failed to connect to socket /var/run/dbus/system_bus_socket: No such file or directory)
[1131561.366] (EE) dbus-core: error connecting to system bus: org.freedesktop.DBus.Error.FileNotFound (Failed to connect to socket /var/run/dbus/system_bus_socket: No such file or directory)
[1131571.367] (EE) dbus-core: error connecting to system bus: org.freedesktop.DBus.Error.FileNotFound (Failed to connect to socket /var/run/dbus/system_bus_socket: No such file or directory)
[1131581.368] (EE) dbus-core: error connecting to system bus: org.freedesktop.DBus.Error.FileNotFound (Failed to connect to socket /var/run/dbus/system_bus_socket: No such file or directory)
[1131589.012] rdpClientConGotConnection:
[1131589.012] rdpClientConGotConnection: g_sck_accept ok new_sck 18
[1131589.013] rdpClientConGotConnection: disconnecting only clientCon
[1131589.013] rdpClientConDisconnect:
[1131589.013] rdpClientConDisconnect: clientCon removed from dev list
[1131589.014] rdpClientConGotConnection: adding only clientCon
[1131589.017] rdpClientConProcessMsgVersion: version 0 0 0 1
[1131589.018] rdpClientConProcessScreenSizeMsg: set width 2112 height 1339 bpp 16
[1131589.018] rdpClientConProcessScreenSizeMsg: shmemid 9 shmemptr 0x1525c2cbf000
[1131589.018] rdpRRScreenSetSize: width 2112 height 1339 mmWidth 559 mmHeight 354
[1131589.019] rdpRRGetInfo:
[1131589.019]   screen resized to 2112x1339
[1131589.021] rdpClientConProcessScreenSizeMsg: RRScreenSizeSet ok=[1]
[1131589.022] rdpClientConProcessMsgClientInput: invalidate x 0 y 0 cx 2112 cy 1339
[1131589.636] rdpClientConProcessMsgClientInfo:
[1131589.637]   got client info bytes 5744
[1131589.637]   jpeg support 0
[1131589.637]   offscreen support 0
[1131589.638]   offscreen size 0
[1131589.639]   offscreen entries 0
[1131589.639]   client supports glyph cache but server disabled
[1131589.639]   client can not do offscreen to offscreen blits
[1131589.639]   client can do new(color) cursor
[1131589.639]   client can not do multimon
[1131589.640] rdpRRSetRdpOutputs: numCrtcs 1 monitorCount 0
[1131589.640] rdpRRSetRdpOutputs: update output 0 left 0 top 0 width 2112 height 1339
[1131589.640] rdpLoadLayout: keylayout 0x00000409 variant  display 10
[1131589.641] rdpkeybChangeKeyboardControl:
[1131589.641] rdpkeybChangeKeyboardControl: autoRepeat on
[1131589.641] rdpkeybChangeKeyboardControl:
[1131589.642] rdpkeybChangeKeyboardControl: autoRepeat on
[1131589.742] rdpInDeferredUpdateCallback:
[1131589.743] rdpkeybChangeKeyboardControl:
[1131589.743] rdpkeybChangeKeyboardControl: autoRepeat off
[1131589.744] rdpkeybChangeKeyboardControl:
[1131589.744] rdpkeybChangeKeyboardControl: autoRepeat off
[1131591.368] (EE) dbus-core: error connecting to system bus: org.freedesktop.DBus.Error.FileNotFound (Failed to connect to socket /var/run/dbus/system_bus_socket: No such file or directory)
[1131601.370] (EE) dbus-core: error connecting to system bus: org.freedesktop.DBus.Error.FileNotFound (Failed to connect to socket /var/run/dbus/system_bus_socket: No such file or directory)
[1131611.370] (EE) dbus-core: error connecting to system bus: org.freedesktop.DBus.Error.FileNotFound (Failed to connect to socket /var/run/dbus/system_bus_socket: No such file or directory)
[1131621.371] (EE) dbus-core: error connecting to system bus: org.freedesktop.DBus.Error.FileNotFound (Failed to connect to socket /var/run/dbus/system_bus_socket: No such file or directory)
[1131631.372] (EE) dbus-core: error connecting to system bus: org.freedesktop.DBus.Error.FileNotFound (Failed to connect to socket /var/run/dbus/system_bus_socket: No such file or directory)
[1131641.383] (EE) dbus-core: error connecting to system bus: org.freedesktop.DBus.Error.FileNotFound (Failed to connect to socket /var/run/dbus/system_bus_socket: No such file or directory)
[1131651.393] (EE) dbus-core: error connecting to system bus: org.freedesktop.DBus.Error.FileNotFound (Failed to connect to socket /var/run/dbus/system_bus_socket: No such file or directory)
[1131661.403] (EE) dbus-core: error connecting to system bus: org.freedesktop.DBus.Error.FileNotFound (Failed to connect to socket /var/run/dbus/system_bus_socket: No such file or directory)
[1131671.404] (EE) dbus-core: error connecting to system bus: org.freedesktop.DBus.Error.FileNotFound (Failed to connect to socket /var/run/dbus/system_bus_socket: No such file or directory)
[1131681.404] (EE) dbus-core: error connecting to system bus: org.freedesktop.DBus.Error.FileNotFound (Failed to connect to socket /var/run/dbus/system_bus_socket: No such file or directory)
[1131691.408] (EE) dbus-core: error connecting to system bus: org.freedesktop.DBus.Error.FileNotFound (Failed to connect to socket /var/run/dbus/system_bus_socket: No such file or directory)
[1131701.418] (EE) dbus-core: error connecting to system bus: org.freedesktop.DBus.Error.FileNotFound (Failed to connect to socket /var/run/dbus/system_bus_socket: No such file or directory)
[1131711.423] (EE) dbus-core: error connecting to system bus: org.freedesktop.DBus.Error.FileNotFound (Failed to connect to socket /var/run/dbus/system_bus_socket: No such file or directory)
[1131721.433] (EE) dbus-core: error connecting to system bus: org.freedesktop.DBus.Error.FileNotFound (Failed to connect to socket /var/run/dbus/system_bus_socket: No such file or directory)
[1131731.442] (EE) dbus-core: error connecting to system bus: org.freedesktop.DBus.Error.FileNotFound (Failed to connect to socket /var/run/dbus/system_bus_socket: No such file or directory)
[1131741.452] (EE) dbus-core: error connecting to system bus: org.freedesktop.DBus.Error.FileNotFound (Failed to connect to socket /var/run/dbus/system_bus_socket: No such file or directory)
[1131751.462] (EE) dbus-core: error connecting to system bus: org.freedesktop.DBus.Error.FileNotFound (Failed to connect to socket /var/run/dbus/system_bus_socket: No such file or directory)
[1131761.472] (EE) dbus-core: error connecting to system bus: org.freedesktop.DBus.Error.FileNotFound (Failed to connect to socket /var/run/dbus/system_bus_socket: No such file or directory)
[1131771.483] (EE) dbus-core: error connecting to system bus: org.freedesktop.DBus.Error.FileNotFound (Failed to connect to socket /var/run/dbus/system_bus_socket: No such file or directory)
[1131781.483] (EE) dbus-core: error connecting to system bus: org.freedesktop.DBus.Error.FileNotFound (Failed to connect to socket /var/run/dbus/system_bus_socket: No such file or directory)
[1131791.489] (EE) dbus-core: error connecting to system bus: org.freedesktop.DBus.Error.FileNotFound (Failed to connect to socket /var/run/dbus/system_bus_socket: No such file or directory)
[1131801.490] (EE) dbus-core: error connecting to system bus: org.freedesktop.DBus.Error.FileNotFound (Failed to connect to socket /var/run/dbus/system_bus_socket: No such file or directory)
[1131811.498] (EE) dbus-core: error connecting to system bus: org.freedesktop.DBus.Error.FileNotFound (Failed to connect to socket /var/run/dbus/system_bus_socket: No such file or directory)
[1131821.509] (EE) dbus-core: error connecting to system bus: org.freedesktop.DBus.Error.FileNotFound (Failed to connect to socket /var/run/dbus/system_bus_socket: No such file or directory)
[1131831.519] (EE) dbus-core: error connecting to system bus: org.freedesktop.DBus.Error.FileNotFound (Failed to connect to socket /var/run/dbus/system_bus_socket: No such file or directory)
[1131841.522] (EE) dbus-core: error connecting to system bus: org.freedesktop.DBus.Error.FileNotFound (Failed to connect to socket /var/run/dbus/system_bus_socket: No such file or directory)
[1131851.531] (EE) dbus-core: error connecting to system bus: org.freedesktop.DBus.Error.FileNotFound (Failed to connect to socket /var/run/dbus/system_bus_socket: No such file or directory)
[1131861.541] (EE) dbus-core: error connecting to system bus: org.freedesktop.DBus.Error.FileNotFound (Failed to connect to socket /var/run/dbus/system_bus_socket: No such file or directory)
[1131871.551] (EE) dbus-core: error connecting to system bus: org.freedesktop.DBus.Error.FileNotFound (Failed to connect to socket /var/run/dbus/system_bus_socket: No such file or directory)
[1131881.561] (EE) dbus-core: error connecting to system bus: org.freedesktop.DBus.Error.FileNotFound (Failed to connect to socket /var/run/dbus/system_bus_socket: No such file or directory)
[1131891.572] (EE) dbus-core: error connecting to system bus: org.freedesktop.DBus.Error.FileNotFound (Failed to connect to socket /var/run/dbus/system_bus_socket: No such file or directory)
[1131901.582] (EE) dbus-core: error connecting to system bus: org.freedesktop.DBus.Error.FileNotFound (Failed to connect to socket /var/run/dbus/system_bus_socket: No such file or directory)
[1131911.589] (EE) dbus-core: error connecting to system bus: org.freedesktop.DBus.Error.FileNotFound (Failed to connect to socket /var/run/dbus/system_bus_socket: No such file or directory)
[1131921.599] (EE) dbus-core: error connecting to system bus: org.freedesktop.DBus.Error.FileNotFound (Failed to connect to socket /var/run/dbus/system_bus_socket: No such file or directory)
[1131931.609] (EE) dbus-core: error connecting to system bus: org.freedesktop.DBus.Error.FileNotFound (Failed to connect to socket /var/run/dbus/system_bus_socket: No such file or directory)
[1131941.619] (EE) dbus-core: error connecting to system bus: org.freedesktop.DBus.Error.FileNotFound (Failed to connect to socket /var/run/dbus/system_bus_socket: No such file or directory)
[1131951.629] (EE) dbus-core: error connecting to system bus: org.freedesktop.DBus.Error.FileNotFound (Failed to connect to socket /var/run/dbus/system_bus_socket: No such file or directory)
[1131961.639] (EE) dbus-core: error connecting to system bus: org.freedesktop.DBus.Error.FileNotFound (Failed to connect to socket /var/run/dbus/system_bus_socket: No such file or directory)
[1131971.639] (EE) dbus-core: error connecting to system bus: org.freedesktop.DBus.Error.FileNotFound (Failed to connect to socket /var/run/dbus/system_bus_socket: No such file or directory)
[1131981.639] (EE) dbus-core: error connecting to system bus: org.freedesktop.DBus.Error.FileNotFound (Failed to connect to socket /var/run/dbus/system_bus_socket: No such file or directory)
[1131991.640] (EE) dbus-core: error connecting to system bus: org.freedesktop.DBus.Error.FileNotFound (Failed to connect to socket /var/run/dbus/system_bus_socket: No such file or directory)
[1132001.651] (EE) dbus-core: error connecting to system bus: org.freedesktop.DBus.Error.FileNotFound (Failed to connect to socket /var/run/dbus/system_bus_socket: No such file or directory)
[1132011.651] (EE) dbus-core: error connecting to system bus: org.freedesktop.DBus.Error.FileNotFound (Failed to connect to socket /var/run/dbus/system_bus_socket: No such file or directory)
[1132021.662] (EE) dbus-core: error connecting to system bus: org.freedesktop.DBus.Error.FileNotFound (Failed to connect to socket /var/run/dbus/system_bus_socket: No such file or directory)
[1132031.671] (EE) dbus-core: error connecting to system bus: org.freedesktop.DBus.Error.FileNotFound (Failed to connect to socket /var/run/dbus/system_bus_socket: No such file or directory)
[1132041.681] (EE) dbus-core: error connecting to system bus: org.freedesktop.DBus.Error.FileNotFound (Failed to connect to socket /var/run/dbus/system_bus_socket: No such file or directory)
[1132051.691] (EE) dbus-core: error connecting to system bus: org.freedesktop.DBus.Error.FileNotFound (Failed to connect to socket /var/run/dbus/system_bus_socket: No such file or directory)
[1132061.701] (EE) dbus-core: error connecting to system bus: org.freedesktop.DBus.Error.FileNotFound (Failed to connect to socket /var/run/dbus/system_bus_socket: No such file or directory)
[1132071.712] (EE) dbus-core: error connecting to system bus: org.freedesktop.DBus.Error.FileNotFound (Failed to connect to socket /var/run/dbus/system_bus_socket: No such file or directory)
[1132081.722] (EE) dbus-core: error connecting to system bus: org.freedesktop.DBus.Error.FileNotFound (Failed to connect to socket /var/run/dbus/system_bus_socket: No such file or directory)
[1132091.731] (EE) dbus-core: error connecting to system bus: org.freedesktop.DBus.Error.FileNotFound (Failed to connect to socket /var/run/dbus/system_bus_socket: No such file or directory)
[1132101.740] (EE) dbus-core: error connecting to system bus: org.freedesktop.DBus.Error.FileNotFound (Failed to connect to socket /var/run/dbus/system_bus_socket: No such file or directory)
[1132111.740] (EE) dbus-core: error connecting to system bus: org.freedesktop.DBus.Error.FileNotFound (Failed to connect to socket /var/run/dbus/system_bus_socket: No such file or directory)
[1132121.750] (EE) dbus-core: error connecting to system bus: org.freedesktop.DBus.Error.FileNotFound (Failed to connect to socket /var/run/dbus/system_bus_socket: No such file or directory)
[1132131.761] (EE) dbus-core: error connecting to system bus: org.freedesktop.DBus.Error.FileNotFound (Failed to connect to socket /var/run/dbus/system_bus_socket: No such file or directory)
[1132141.771] (EE) dbus-core: error connecting to system bus: org.freedesktop.DBus.Error.FileNotFound (Failed to connect to socket /var/run/dbus/system_bus_socket: No such file or directory)
[1132151.780] (EE) dbus-core: error connecting to system bus: org.freedesktop.DBus.Error.FileNotFound (Failed to connect to socket /var/run/dbus/system_bus_socket: No such file or directory)
[1132161.790] (EE) dbus-core: error connecting to system bus: org.freedesktop.DBus.Error.FileNotFound (Failed to connect to socket /var/run/dbus/system_bus_socket: No such file or directory)
[1132171.800] (EE) dbus-core: error connecting to system bus: org.freedesktop.DBus.Error.FileNotFound (Failed to connect to socket /var/run/dbus/system_bus_socket: No such file or directory)
[1132181.811] (EE) dbus-core: error connecting to system bus: org.freedesktop.DBus.Error.FileNotFound (Failed to connect to socket /var/run/dbus/system_bus_socket: No such file or directory)
[1132191.821] (EE) dbus-core: error connecting to system bus: org.freedesktop.DBus.Error.FileNotFound (Failed to connect to socket /var/run/dbus/system_bus_socket: No such file or directory)
[1132201.831] (EE) dbus-core: error connecting to system bus: org.freedesktop.DBus.Error.FileNotFound (Failed to connect to socket /var/run/dbus/system_bus_socket: No such file or directory)
[1132211.840] (EE) dbus-core: error connecting to system bus: org.freedesktop.DBus.Error.FileNotFound (Failed to connect to socket /var/run/dbus/system_bus_socket: No such file or directory)
[1132221.850] (EE) dbus-core: error connecting to system bus: org.freedesktop.DBus.Error.FileNotFound (Failed to connect to socket /var/run/dbus/system_bus_socket: No such file or directory)
[1132231.860] (EE) dbus-core: error connecting to system bus: org.freedesktop.DBus.Error.FileNotFound (Failed to connect to socket /var/run/dbus/system_bus_socket: No such file or directory)
[1132241.871] (EE) dbus-core: error connecting to system bus: org.freedesktop.DBus.Error.FileNotFound (Failed to connect to socket /var/run/dbus/system_bus_socket: No such file or directory)
[1132251.881] (EE) dbus-core: error connecting to system bus: org.freedesktop.DBus.Error.FileNotFound (Failed to connect to socket /var/run/dbus/system_bus_socket: No such file or directory)
[1132261.891] (EE) dbus-core: error connecting to system bus: org.freedesktop.DBus.Error.FileNotFound (Failed to connect to socket /var/run/dbus/system_bus_socket: No such file or directory)
[1132271.900] (EE) dbus-core: error connecting to system bus: org.freedesktop.DBus.Error.FileNotFound (Failed to connect to socket /var/run/dbus/system_bus_socket: No such file or directory)
[1132281.910] (EE) dbus-core: error connecting to system bus: org.freedesktop.DBus.Error.FileNotFound (Failed to connect to socket /var/run/dbus/system_bus_socket: No such file or directory)
[1132291.920] (EE) dbus-core: error connecting to system bus: org.freedesktop.DBus.Error.FileNotFound (Failed to connect to socket /var/run/dbus/system_bus_socket: No such file or directory)
[1132301.930] (EE) dbus-core: error connecting to system bus: org.freedesktop.DBus.Error.FileNotFound (Failed to connect to socket /var/run/dbus/system_bus_socket: No such file or directory)
[1132311.941] (EE) dbus-core: error connecting to system bus: org.freedesktop.DBus.Error.FileNotFound (Failed to connect to socket /var/run/dbus/system_bus_socket: No such file or directory)
[1132321.951] (EE) dbus-core: error connecting to system bus: org.freedesktop.DBus.Error.FileNotFound (Failed to connect to socket /var/run/dbus/system_bus_socket: No such file or directory)
[1132331.958] (EE) dbus-core: error connecting to system bus: org.freedesktop.DBus.Error.FileNotFound (Failed to connect to socket /var/run/dbus/system_bus_socket: No such file or directory)
[1132341.968] (EE) dbus-core: error connecting to system bus: org.freedesktop.DBus.Error.FileNotFound (Failed to connect to socket /var/run/dbus/system_bus_socket: No such file or directory)
[1132351.978] (EE) dbus-core: error connecting to system bus: org.freedesktop.DBus.Error.FileNotFound (Failed to connect to socket /var/run/dbus/system_bus_socket: No such file or directory)
[1132361.982] (EE) dbus-core: error connecting to system bus: org.freedesktop.DBus.Error.FileNotFound (Failed to connect to socket /var/run/dbus/system_bus_socket: No such file or directory)
[1132371.994] (EE) dbus-core: error connecting to system bus: org.freedesktop.DBus.Error.FileNotFound (Failed to connect to socket /var/run/dbus/system_bus_socket: No such file or directory)
[1132382.004] (EE) dbus-core: error connecting to system bus: org.freedesktop.DBus.Error.FileNotFound (Failed to connect to socket /var/run/dbus/system_bus_socket: No such file or directory)
[1132392.011] (EE) dbus-core: error connecting to system bus: org.freedesktop.DBus.Error.FileNotFound (Failed to connect to socket /var/run/dbus/system_bus_socket: No such file or directory)
[1132402.021] (EE) dbus-core: error connecting to system bus: org.freedesktop.DBus.Error.FileNotFound (Failed to connect to socket /var/run/dbus/system_bus_socket: No such file or directory)
[1132412.031] (EE) dbus-core: error connecting to system bus: org.freedesktop.DBus.Error.FileNotFound (Failed to connect to socket /var/run/dbus/system_bus_socket: No such file or directory)
[1132422.042] (EE) dbus-core: error connecting to system bus: org.freedesktop.DBus.Error.FileNotFound (Failed to connect to socket /var/run/dbus/system_bus_socket: No such file or directory)
[1132432.052] (EE) dbus-core: error connecting to system bus: org.freedesktop.DBus.Error.FileNotFound (Failed to connect to socket /var/run/dbus/system_bus_socket: No such file or directory)
[1132442.062] (EE) dbus-core: error connecting to system bus: org.freedesktop.DBus.Error.FileNotFound (Failed to connect to socket /var/run/dbus/system_bus_socket: No such file or directory)
[1132452.071] (EE) dbus-core: error connecting to system bus: org.freedesktop.DBus.Error.FileNotFound (Failed to connect to socket /var/run/dbus/system_bus_socket: No such file or directory)
[1132462.081] (EE) dbus-core: error connecting to system bus: org.freedesktop.DBus.Error.FileNotFound (Failed to connect to socket /var/run/dbus/system_bus_socket: No such file or directory)
[1132472.091] (EE) dbus-core: error connecting to system bus: org.freedesktop.DBus.Error.FileNotFound (Failed to connect to socket /var/run/dbus/system_bus_socket: No such file or directory)
[1132482.101] (EE) dbus-core: error connecting to system bus: org.freedesktop.DBus.Error.FileNotFound (Failed to connect to socket /var/run/dbus/system_bus_socket: No such file or directory)
[1132492.112] (EE) dbus-core: error connecting to system bus: org.freedesktop.DBus.Error.FileNotFound (Failed to connect to socket /var/run/dbus/system_bus_socket: No such file or directory)
[1132502.122] (EE) dbus-core: error connecting to system bus: org.freedesktop.DBus.Error.FileNotFound (Failed to connect to socket /var/run/dbus/system_bus_socket: No such file or directory)
[1132512.132] (EE) dbus-core: error connecting to system bus: org.freedesktop.DBus.Error.FileNotFound (Failed to connect to socket /var/run/dbus/system_bus_socket: No such file or directory)
[1132522.141] (EE) dbus-core: error connecting to system bus: org.freedesktop.DBus.Error.FileNotFound (Failed to connect to socket /var/run/dbus/system_bus_socket: No such file or directory)
[1132532.151] (EE) dbus-core: error connecting to system bus: org.freedesktop.DBus.Error.FileNotFound (Failed to connect to socket /var/run/dbus/system_bus_socket: No such file or directory)
[1132542.162] (EE) dbus-core: error connecting to system bus: org.freedesktop.DBus.Error.FileNotFound (Failed to connect to socket /var/run/dbus/system_bus_socket: No such file or directory)
[1132552.172] (EE) dbus-core: error connecting to system bus: org.freedesktop.DBus.Error.FileNotFound (Failed to connect to socket /var/run/dbus/system_bus_socket: No such file or directory)
[1132562.182] (EE) dbus-core: error connecting to system bus: org.freedesktop.DBus.Error.FileNotFound (Failed to connect to socket /var/run/dbus/system_bus_socket: No such file or directory)
[1132572.192] (EE) dbus-core: error connecting to system bus: org.freedesktop.DBus.Error.FileNotFound (Failed to connect to socket /var/run/dbus/system_bus_socket: No such file or directory)
[1132582.204] (EE) dbus-core: error connecting to system bus: org.freedesktop.DBus.Error.FileNotFound (Failed to connect to socket /var/run/dbus/system_bus_socket: No such file or directory)
[1132591.344] rdpSaveScreen:
[1132592.205] (EE) dbus-core: error connecting to system bus: org.freedesktop.DBus.Error.FileNotFound (Failed to connect to socket /var/run/dbus/system_bus_socket: No such file or directory)
[1132602.215] (EE) dbus-core: error connecting to system bus: org.freedesktop.DBus.Error.FileNotFound (Failed to connect to socket /var/run/dbus/system_bus_socket: No such file or directory)
[1132612.226] (EE) dbus-core: error connecting to system bus: org.freedesktop.DBus.Error.FileNotFound (Failed to connect to socket /var/run/dbus/system_bus_socket: No such file or directory)
[1132622.234] (EE) dbus-core: error connecting to system bus: org.freedesktop.DBus.Error.FileNotFound (Failed to connect to socket /var/run/dbus/system_bus_socket: No such file or directory)
[1132632.244] (EE) dbus-core: error connecting to system bus: org.freedesktop.DBus.Error.FileNotFound (Failed to connect to socket /var/run/dbus/system_bus_socket: No such file or directory)
[1132642.253] (EE) dbus-core: error connecting to system bus: org.freedesktop.DBus.Error.FileNotFound (Failed to connect to socket /var/run/dbus/system_bus_socket: No such file or directory)
[1132652.263] (EE) dbus-core: error connecting to system bus: org.freedesktop.DBus.Error.FileNotFound (Failed to connect to socket /var/run/dbus/system_bus_socket: No such file or directory)
[1132662.273] (EE) dbus-core: error connecting to system bus: org.freedesktop.DBus.Error.FileNotFound (Failed to connect to socket /var/run/dbus/system_bus_socket: No such file or directory)
[1132672.284] (EE) dbus-core: error connecting to system bus: org.freedesktop.DBus.Error.FileNotFound (Failed to connect to socket /var/run/dbus/system_bus_socket: No such file or directory)
[1132682.294] (EE) dbus-core: error connecting to system bus: org.freedesktop.DBus.Error.FileNotFound (Failed to connect to socket /var/run/dbus/system_bus_socket: No such file or directory)
[1132692.304] (EE) dbus-core: error connecting to system bus: org.freedesktop.DBus.Error.FileNotFound (Failed to connect to socket /var/run/dbus/system_bus_socket: No such file or directory)
[1132702.221] rdpSaveScreen:
[1132702.304] (EE) dbus-core: error connecting to system bus: org.freedesktop.DBus.Error.FileNotFound (Failed to connect to socket /var/run/dbus/system_bus_socket: No such file or directory)
[1132712.306] (EE) dbus-core: error connecting to system bus: org.freedesktop.DBus.Error.FileNotFound (Failed to connect to socket /var/run/dbus/system_bus_socket: No such file or directory)
[1132722.308] (EE) dbus-core: error connecting to system bus: org.freedesktop.DBus.Error.FileNotFound (Failed to connect to socket /var/run/dbus/system_bus_socket: No such file or directory)
[1132732.310] (EE) dbus-core: error connecting to system bus: org.freedesktop.DBus.Error.FileNotFound (Failed to connect to socket /var/run/dbus/system_bus_socket: No such file or directory)
[1132742.311] (EE) dbus-core: error connecting to system bus: org.freedesktop.DBus.Error.FileNotFound (Failed to connect to socket /var/run/dbus/system_bus_socket: No such file or directory)
[1132752.321] (EE) dbus-core: error connecting to system bus: org.freedesktop.DBus.Error.FileNotFound (Failed to connect to socket /var/run/dbus/system_bus_socket: No such file or directory)
[1132762.330] (EE) dbus-core: error connecting to system bus: org.freedesktop.DBus.Error.FileNotFound (Failed to connect to socket /var/run/dbus/system_bus_socket: No such file or directory)
[1132772.340] (EE) dbus-core: error connecting to system bus: org.freedesktop.DBus.Error.FileNotFound (Failed to connect to socket /var/run/dbus/system_bus_socket: No such file or directory)
